{"contracts/ClaimableUpgradeable.sol":{"l":{"46":3,"47":2,"61":90,"62":90,"63":90,"64":90,"69":90,"73":90,"74":90,"75":90,"76":90,"77":90,"78":90,"79":90,"80":90,"81":90,"82":90,"89":0,"97":90,"110":15,"111":15,"113":15,"116":14,"122":12,"128":12,"129":12,"132":12,"133":0,"134":0,"135":0,"136":0,"144":5,"155":2,"156":2},"path":"/home/kostysh/dev/lif2/packages/token/contracts/ClaimableUpgradeable.sol","s":{"1":3,"2":90,"3":90,"4":90,"5":90,"6":90,"7":90,"8":90,"9":90,"10":90,"11":90,"12":90,"13":90,"14":90,"15":90,"16":90,"17":0,"18":90,"19":15,"20":15,"21":15,"22":14,"23":12,"24":12,"25":12,"26":12,"27":0,"28":0,"29":0,"30":0,"31":5,"32":2,"33":2},"b":{"1":[2,1],"2":[90,0],"3":[14,1],"4":[12,0],"5":[0,12]},"f":{"1":3,"2":90,"3":0,"4":90,"5":15,"6":5,"7":2},"fnMap":{"1":{"name":"whenNotStopped","line":45,"loc":{"start":{"line":45,"column":2},"end":{"line":48,"column":2}}},"2":{"name":"__Claimable_init","line":59,"loc":{"start":{"line":57,"column":2},"end":{"line":83,"column":2}}},"3":{"name":"originalLif","line":88,"loc":{"start":{"line":88,"column":2},"end":{"line":90,"column":2}}},"4":{"name":"_mint","line":92,"loc":{"start":{"line":92,"column":2},"end":{"line":98,"column":2}}},"5":{"name":"claim","line":109,"loc":{"start":{"line":109,"column":2},"end":{"line":138,"column":2}}},"6":{"name":"stopped","line":143,"loc":{"start":{"line":143,"column":2},"end":{"line":145,"column":2}}},"7":{"name":"_stop","line":154,"loc":{"start":{"line":154,"column":2},"end":{"line":157,"column":2}}}},"statementMap":{"1":{"start":{"line":46,"column":4},"end":{"line":46,"column":44}},"2":{"start":{"line":61,"column":4},"end":{"line":61,"column":75}},"3":{"start":{"line":62,"column":4},"end":{"line":62,"column":19}},"4":{"start":{"line":63,"column":4},"end":{"line":63,"column":50}},"5":{"start":{"line":64,"column":4},"end":{"line":64,"column":27}},"6":{"start":{"line":69,"column":4},"end":{"line":69,"column":51}},"7":{"start":{"line":73,"column":4},"end":{"line":73,"column":86}},"8":{"start":{"line":74,"column":4},"end":{"line":74,"column":87}},"9":{"start":{"line":75,"column":4},"end":{"line":75,"column":85}},"10":{"start":{"line":76,"column":4},"end":{"line":76,"column":69}},"11":{"start":{"line":77,"column":4},"end":{"line":77,"column":86}},"12":{"start":{"line":78,"column":4},"end":{"line":78,"column":85}},"13":{"start":{"line":79,"column":4},"end":{"line":79,"column":85}},"14":{"start":{"line":80,"column":4},"end":{"line":80,"column":86}},"15":{"start":{"line":81,"column":4},"end":{"line":81,"column":84}},"16":{"start":{"line":82,"column":4},"end":{"line":82,"column":85}},"17":{"start":{"line":89,"column":4},"end":{"line":89,"column":32}},"18":{"start":{"line":97,"column":4},"end":{"line":97,"column":26}},"19":{"start":{"line":110,"column":4},"end":{"line":110,"column":33}},"20":{"start":{"line":111,"column":4},"end":{"line":111,"column":52}},"21":{"start":{"line":113,"column":4},"end":{"line":113,"column":54}},"22":{"start":{"line":116,"column":4},"end":{"line":116,"column":3911}},"23":{"start":{"line":122,"column":4},"end":{"line":122,"column":4030}},"24":{"start":{"line":128,"column":4},"end":{"line":128,"column":44}},"25":{"start":{"line":129,"column":4},"end":{"line":129,"column":31}},"26":{"start":{"line":132,"column":4},"end":{"line":132,"column":4288}},"27":{"start":{"line":133,"column":6},"end":{"line":133,"column":56}},"28":{"start":{"line":134,"column":6},"end":{"line":134,"column":30}},"29":{"start":{"line":135,"column":6},"end":{"line":135,"column":57}},"30":{"start":{"line":136,"column":6},"end":{"line":136,"column":48}},"31":{"start":{"line":144,"column":4},"end":{"line":144,"column":19}},"32":{"start":{"line":155,"column":4},"end":{"line":155,"column":18}},"33":{"start":{"line":156,"column":4},"end":{"line":156,"column":30}}},"branchMap":{"1":{"line":46,"type":"if","locations":[{"start":{"line":46,"column":4},"end":{"line":46,"column":4}},{"start":{"line":46,"column":4},"end":{"line":46,"column":4}}]},"2":{"line":61,"type":"if","locations":[{"start":{"line":61,"column":4},"end":{"line":61,"column":4}},{"start":{"line":61,"column":4},"end":{"line":61,"column":4}}]},"3":{"line":113,"type":"if","locations":[{"start":{"line":113,"column":4},"end":{"line":113,"column":4}},{"start":{"line":113,"column":4},"end":{"line":113,"column":4}}]},"4":{"line":122,"type":"if","locations":[{"start":{"line":122,"column":4},"end":{"line":122,"column":4}},{"start":{"line":122,"column":4},"end":{"line":122,"column":4}}]},"5":{"line":132,"type":"if","locations":[{"start":{"line":132,"column":4},"end":{"line":132,"column":4}},{"start":{"line":132,"column":4},"end":{"line":132,"column":4}}]}}},"contracts/Lif2.sol":{"l":{"29":90,"30":90,"31":90,"32":90,"33":90,"40":6,"47":2,"54":3,"65":108,"78":106,"88":90,"98":0,"111":4,"115":3},"path":"/home/kostysh/dev/lif2/packages/token/contracts/Lif2.sol","s":{"1":90,"2":90,"3":90,"4":90,"5":90,"6":6,"7":2,"8":3,"9":108,"10":106,"11":90,"12":0,"13":4,"14":3},"b":{"1":[3,1]},"f":{"1":90,"2":6,"3":2,"4":3,"5":108,"6":106,"7":90,"8":0,"9":4},"fnMap":{"1":{"name":"initialize","line":28,"loc":{"start":{"line":28,"column":2},"end":{"line":34,"column":2}}},"2":{"name":"pause","line":39,"loc":{"start":{"line":39,"column":2},"end":{"line":41,"column":2}}},"3":{"name":"unpause","line":46,"loc":{"start":{"line":46,"column":2},"end":{"line":48,"column":2}}},"4":{"name":"stop","line":53,"loc":{"start":{"line":53,"column":2},"end":{"line":55,"column":2}}},"5":{"name":"_beforeTokenTransfer","line":64,"loc":{"start":{"line":60,"column":2},"end":{"line":66,"column":2}}},"6":{"name":"_afterTokenTransfer","line":73,"loc":{"start":{"line":73,"column":2},"end":{"line":79,"column":2}}},"7":{"name":"_mint","line":84,"loc":{"start":{"line":84,"column":2},"end":{"line":89,"column":2}}},"8":{"name":"_burn","line":94,"loc":{"start":{"line":94,"column":2},"end":{"line":99,"column":2}}},"9":{"name":"transfer","line":110,"loc":{"start":{"line":110,"column":2},"end":{"line":116,"column":2}}}},"statementMap":{"1":{"start":{"line":29,"column":4},"end":{"line":29,"column":35}},"2":{"start":{"line":30,"column":4},"end":{"line":30,"column":20}},"3":{"start":{"line":31,"column":4},"end":{"line":31,"column":19}},"4":{"start":{"line":32,"column":4},"end":{"line":32,"column":34}},"5":{"start":{"line":33,"column":4},"end":{"line":33,"column":34}},"6":{"start":{"line":40,"column":4},"end":{"line":40,"column":11}},"7":{"start":{"line":47,"column":4},"end":{"line":47,"column":13}},"8":{"start":{"line":54,"column":4},"end":{"line":54,"column":10}},"9":{"start":{"line":65,"column":4},"end":{"line":65,"column":47}},"10":{"start":{"line":78,"column":4},"end":{"line":78,"column":46}},"11":{"start":{"line":88,"column":4},"end":{"line":88,"column":26}},"12":{"start":{"line":98,"column":4},"end":{"line":98,"column":31}},"13":{"start":{"line":111,"column":4},"end":{"line":111,"column":2709}},"14":{"start":{"line":115,"column":4},"end":{"line":115,"column":44}}},"branchMap":{"1":{"line":111,"type":"if","locations":[{"start":{"line":111,"column":4},"end":{"line":111,"column":4}},{"start":{"line":111,"column":4},"end":{"line":111,"column":4}}]}}},"contracts/Lif2UpgradeabilityTest.sol":{"l":{"9":2},"path":"/home/kostysh/dev/lif2/packages/token/contracts/Lif2UpgradeabilityTest.sol","s":{"1":2},"b":{},"f":{"1":2},"fnMap":{"1":{"name":"newFunction","line":8,"loc":{"start":{"line":8,"column":2},"end":{"line":10,"column":2}}}},"statementMap":{"1":{"start":{"line":9,"column":4},"end":{"line":9,"column":15}}},"branchMap":{}},"contracts/OldLifTest.sol":{"l":{"8":36,"12":12},"path":"/home/kostysh/dev/lif2/packages/token/contracts/OldLifTest.sol","s":{"1":36,"2":12},"b":{},"f":{"1":36,"2":12},"fnMap":{"1":{"name":"constructor","line":7,"loc":{"start":{"line":7,"column":2},"end":{"line":9,"column":2}}},"2":{"name":"mint","line":11,"loc":{"start":{"line":11,"column":2},"end":{"line":13,"column":2}}}},"statementMap":{"1":{"start":{"line":8,"column":4},"end":{"line":8,"column":33}},"2":{"start":{"line":12,"column":4},"end":{"line":12,"column":23}}},"branchMap":{}}}