{"contracts/ClaimableUpgradeable.sol":{"l":{"51":4,"52":3,"63":2,"64":1,"78":96,"79":96,"80":96,"81":96,"86":96,"89":96,"96":1,"104":96,"117":15,"118":15,"120":15,"123":14,"129":12,"135":12,"136":12,"139":12,"140":12,"141":12,"142":12,"143":12,"151":10,"162":3,"163":3,"174":1,"175":1},"path":"/home/kostysh/dev/lif2/packages/token/contracts/ClaimableUpgradeable.sol","s":{"1":4,"2":2,"3":96,"4":96,"5":96,"6":96,"7":96,"8":96,"9":1,"10":96,"11":15,"12":15,"13":15,"14":14,"15":12,"16":12,"17":12,"18":12,"19":12,"20":12,"21":12,"22":12,"23":10,"24":3,"25":3,"26":1,"27":1},"b":{"1":[3,1],"2":[1,1],"3":[96,0],"4":[14,1],"5":[12,0],"6":[12,0]},"f":{"1":4,"2":2,"3":96,"4":1,"5":96,"6":15,"7":10,"8":3,"9":1,"10":0},"fnMap":{"1":{"name":"whenNotStopped","line":50,"loc":{"start":{"line":50,"column":2},"end":{"line":53,"column":2}}},"2":{"name":"whenStopped","line":62,"loc":{"start":{"line":62,"column":2},"end":{"line":65,"column":2}}},"3":{"name":"__Claimable_init","line":76,"loc":{"start":{"line":74,"column":2},"end":{"line":90,"column":2}}},"4":{"name":"originalLif","line":95,"loc":{"start":{"line":95,"column":2},"end":{"line":97,"column":2}}},"5":{"name":"_mint","line":99,"loc":{"start":{"line":99,"column":2},"end":{"line":105,"column":2}}},"6":{"name":"claim","line":116,"loc":{"start":{"line":116,"column":2},"end":{"line":145,"column":2}}},"7":{"name":"stopped","line":150,"loc":{"start":{"line":150,"column":2},"end":{"line":152,"column":2}}},"8":{"name":"_stop","line":161,"loc":{"start":{"line":161,"column":2},"end":{"line":164,"column":2}}},"9":{"name":"_start","line":173,"loc":{"start":{"line":173,"column":2},"end":{"line":176,"column":2}}},"10":{"name":"_afterClaimableInitHook","line":181,"loc":{"start":{"line":181,"column":2},"end":{"line":181,"column":67}}}},"statementMap":{"1":{"start":{"line":51,"column":4},"end":{"line":51,"column":44}},"2":{"start":{"line":63,"column":4},"end":{"line":63,"column":43}},"3":{"start":{"line":78,"column":4},"end":{"line":78,"column":75}},"4":{"start":{"line":79,"column":4},"end":{"line":79,"column":19}},"5":{"start":{"line":80,"column":4},"end":{"line":80,"column":50}},"6":{"start":{"line":81,"column":4},"end":{"line":81,"column":27}},"7":{"start":{"line":86,"column":4},"end":{"line":86,"column":51}},"8":{"start":{"line":89,"column":4},"end":{"line":89,"column":28}},"9":{"start":{"line":96,"column":4},"end":{"line":96,"column":32}},"10":{"start":{"line":104,"column":4},"end":{"line":104,"column":26}},"11":{"start":{"line":117,"column":4},"end":{"line":117,"column":33}},"12":{"start":{"line":118,"column":4},"end":{"line":118,"column":52}},"13":{"start":{"line":120,"column":4},"end":{"line":120,"column":54}},"14":{"start":{"line":123,"column":4},"end":{"line":123,"column":3216}},"15":{"start":{"line":129,"column":4},"end":{"line":129,"column":3335}},"16":{"start":{"line":135,"column":4},"end":{"line":135,"column":44}},"17":{"start":{"line":136,"column":4},"end":{"line":136,"column":31}},"18":{"start":{"line":139,"column":4},"end":{"line":139,"column":3593}},"19":{"start":{"line":140,"column":6},"end":{"line":140,"column":56}},"20":{"start":{"line":141,"column":6},"end":{"line":141,"column":30}},"21":{"start":{"line":142,"column":6},"end":{"line":142,"column":57}},"22":{"start":{"line":143,"column":6},"end":{"line":143,"column":48}},"23":{"start":{"line":151,"column":4},"end":{"line":151,"column":19}},"24":{"start":{"line":162,"column":4},"end":{"line":162,"column":18}},"25":{"start":{"line":163,"column":4},"end":{"line":163,"column":30}},"26":{"start":{"line":174,"column":4},"end":{"line":174,"column":19}},"27":{"start":{"line":175,"column":4},"end":{"line":175,"column":30}}},"branchMap":{"1":{"line":51,"type":"if","locations":[{"start":{"line":51,"column":4},"end":{"line":51,"column":4}},{"start":{"line":51,"column":4},"end":{"line":51,"column":4}}]},"2":{"line":63,"type":"if","locations":[{"start":{"line":63,"column":4},"end":{"line":63,"column":4}},{"start":{"line":63,"column":4},"end":{"line":63,"column":4}}]},"3":{"line":78,"type":"if","locations":[{"start":{"line":78,"column":4},"end":{"line":78,"column":4}},{"start":{"line":78,"column":4},"end":{"line":78,"column":4}}]},"4":{"line":120,"type":"if","locations":[{"start":{"line":120,"column":4},"end":{"line":120,"column":4}},{"start":{"line":120,"column":4},"end":{"line":120,"column":4}}]},"5":{"line":129,"type":"if","locations":[{"start":{"line":129,"column":4},"end":{"line":129,"column":4}},{"start":{"line":129,"column":4},"end":{"line":129,"column":4}}]},"6":{"line":139,"type":"if","locations":[{"start":{"line":139,"column":4},"end":{"line":139,"column":4}},{"start":{"line":139,"column":4},"end":{"line":139,"column":4}}]}}},"contracts/Lif2.sol":{"l":{"29":96,"30":96,"31":96,"32":96,"33":96,"47":0,"48":0,"49":0,"50":0,"51":0,"52":0,"53":0,"54":0,"55":0,"56":0,"63":6,"70":2,"77":4,"84":2,"95":126,"108":124,"118":96,"128":0,"141":4,"145":3},"path":"/home/kostysh/dev/lif2/packages/token/contracts/Lif2.sol","s":{"1":96,"2":96,"3":96,"4":96,"5":96,"6":0,"7":0,"8":0,"9":0,"10":0,"11":0,"12":0,"13":0,"14":0,"15":0,"16":6,"17":2,"18":4,"19":2,"20":126,"21":124,"22":96,"23":0,"24":4,"25":3},"b":{"1":[3,1]},"f":{"1":96,"2":0,"3":6,"4":2,"5":4,"6":2,"7":126,"8":124,"9":96,"10":0,"11":4},"fnMap":{"1":{"name":"initialize","line":28,"loc":{"start":{"line":28,"column":2},"end":{"line":34,"column":2}}},"2":{"name":"_afterClaimableInitHook","line":43,"loc":{"start":{"line":39,"column":2},"end":{"line":57,"column":2}}},"3":{"name":"pause","line":62,"loc":{"start":{"line":62,"column":2},"end":{"line":64,"column":2}}},"4":{"name":"unpause","line":69,"loc":{"start":{"line":69,"column":2},"end":{"line":71,"column":2}}},"5":{"name":"stop","line":76,"loc":{"start":{"line":76,"column":2},"end":{"line":78,"column":2}}},"6":{"name":"start","line":83,"loc":{"start":{"line":83,"column":2},"end":{"line":85,"column":2}}},"7":{"name":"_beforeTokenTransfer","line":94,"loc":{"start":{"line":90,"column":2},"end":{"line":96,"column":2}}},"8":{"name":"_afterTokenTransfer","line":103,"loc":{"start":{"line":103,"column":2},"end":{"line":109,"column":2}}},"9":{"name":"_mint","line":114,"loc":{"start":{"line":114,"column":2},"end":{"line":119,"column":2}}},"10":{"name":"_burn","line":124,"loc":{"start":{"line":124,"column":2},"end":{"line":129,"column":2}}},"11":{"name":"transfer","line":140,"loc":{"start":{"line":140,"column":2},"end":{"line":146,"column":2}}}},"statementMap":{"1":{"start":{"line":29,"column":4},"end":{"line":29,"column":35}},"2":{"start":{"line":30,"column":4},"end":{"line":30,"column":20}},"3":{"start":{"line":31,"column":4},"end":{"line":31,"column":19}},"4":{"start":{"line":32,"column":4},"end":{"line":32,"column":34}},"5":{"start":{"line":33,"column":4},"end":{"line":33,"column":34}},"6":{"start":{"line":47,"column":4},"end":{"line":47,"column":86}},"7":{"start":{"line":48,"column":4},"end":{"line":48,"column":87}},"8":{"start":{"line":49,"column":4},"end":{"line":49,"column":85}},"9":{"start":{"line":50,"column":4},"end":{"line":50,"column":69}},"10":{"start":{"line":51,"column":4},"end":{"line":51,"column":86}},"11":{"start":{"line":52,"column":4},"end":{"line":52,"column":85}},"12":{"start":{"line":53,"column":4},"end":{"line":53,"column":85}},"13":{"start":{"line":54,"column":4},"end":{"line":54,"column":86}},"14":{"start":{"line":55,"column":4},"end":{"line":55,"column":84}},"15":{"start":{"line":56,"column":4},"end":{"line":56,"column":85}},"16":{"start":{"line":63,"column":4},"end":{"line":63,"column":11}},"17":{"start":{"line":70,"column":4},"end":{"line":70,"column":13}},"18":{"start":{"line":77,"column":4},"end":{"line":77,"column":10}},"19":{"start":{"line":84,"column":4},"end":{"line":84,"column":11}},"20":{"start":{"line":95,"column":4},"end":{"line":95,"column":47}},"21":{"start":{"line":108,"column":4},"end":{"line":108,"column":46}},"22":{"start":{"line":118,"column":4},"end":{"line":118,"column":26}},"23":{"start":{"line":128,"column":4},"end":{"line":128,"column":31}},"24":{"start":{"line":141,"column":4},"end":{"line":141,"column":4110}},"25":{"start":{"line":145,"column":4},"end":{"line":145,"column":44}}},"branchMap":{"1":{"line":141,"type":"if","locations":[{"start":{"line":141,"column":4},"end":{"line":141,"column":4}},{"start":{"line":141,"column":4},"end":{"line":141,"column":4}}]}}},"contracts/Lif2Test.sol":{"l":{"20":96,"21":96,"22":96},"path":"/home/kostysh/dev/lif2/packages/token/contracts/Lif2Test.sol","s":{"1":96,"2":96,"3":96},"b":{},"f":{"1":96},"fnMap":{"1":{"name":"_afterClaimableInitHook","line":18,"loc":{"start":{"line":14,"column":2},"end":{"line":23,"column":2}}}},"statementMap":{"1":{"start":{"line":20,"column":4},"end":{"line":20,"column":86}},"2":{"start":{"line":21,"column":4},"end":{"line":21,"column":87}},"3":{"start":{"line":22,"column":4},"end":{"line":22,"column":85}}},"branchMap":{}},"contracts/Lif2UpgradeabilityTest.sol":{"l":{"9":2},"path":"/home/kostysh/dev/lif2/packages/token/contracts/Lif2UpgradeabilityTest.sol","s":{"1":2},"b":{},"f":{"1":2},"fnMap":{"1":{"name":"newFunction","line":8,"loc":{"start":{"line":8,"column":2},"end":{"line":10,"column":2}}}},"statementMap":{"1":{"start":{"line":9,"column":4},"end":{"line":9,"column":15}}},"branchMap":{}},"contracts/OldLifTest.sol":{"l":{"8":36,"12":48},"path":"/home/kostysh/dev/lif2/packages/token/contracts/OldLifTest.sol","s":{"1":36,"2":48},"b":{},"f":{"1":36,"2":48},"fnMap":{"1":{"name":"constructor","line":7,"loc":{"start":{"line":7,"column":2},"end":{"line":9,"column":2}}},"2":{"name":"mint","line":11,"loc":{"start":{"line":11,"column":2},"end":{"line":13,"column":2}}}},"statementMap":{"1":{"start":{"line":8,"column":4},"end":{"line":8,"column":33}},"2":{"start":{"line":12,"column":4},"end":{"line":12,"column":23}}},"branchMap":{}}}