TN:
SF:/home/kostysh/dev/lif2/packages/token/contracts/ClaimableUpgradeable.sol
FN:50,whenNotStopped
FN:62,whenStopped
FN:76,__Claimable_init
FN:95,originalLif
FN:99,_mint
FN:116,claim
FN:150,stopped
FN:161,_stop
FN:173,_start
FN:181,_afterClaimableInitHook
FNF:10
FNH:9
FNDA:4,whenNotStopped
FNDA:2,whenStopped
FNDA:96,__Claimable_init
FNDA:1,originalLif
FNDA:96,_mint
FNDA:15,claim
FNDA:10,stopped
FNDA:3,_stop
FNDA:1,_start
FNDA:0,_afterClaimableInitHook
DA:51,4
DA:52,3
DA:63,2
DA:64,1
DA:78,96
DA:79,96
DA:80,96
DA:81,96
DA:86,96
DA:89,96
DA:96,1
DA:104,96
DA:117,15
DA:118,15
DA:120,15
DA:123,14
DA:129,12
DA:135,12
DA:136,12
DA:139,12
DA:140,12
DA:141,12
DA:142,12
DA:143,12
DA:151,10
DA:162,3
DA:163,3
DA:174,1
DA:175,1
LF:29
LH:29
BRDA:51,1,0,3
BRDA:51,1,1,1
BRDA:63,2,0,1
BRDA:63,2,1,1
BRDA:78,3,0,96
BRDA:78,3,1,0
BRDA:120,4,0,14
BRDA:120,4,1,1
BRDA:129,5,0,12
BRDA:129,5,1,0
BRDA:139,6,0,12
BRDA:139,6,1,0
BRF:12
BRH:9
end_of_record
TN:
SF:/home/kostysh/dev/lif2/packages/token/contracts/Lif2.sol
FN:28,initialize
FN:43,_afterClaimableInitHook
FN:62,pause
FN:69,unpause
FN:76,stop
FN:83,start
FN:94,_beforeTokenTransfer
FN:103,_afterTokenTransfer
FN:114,_mint
FN:124,_burn
FN:140,transfer
FNF:11
FNH:9
FNDA:96,initialize
FNDA:0,_afterClaimableInitHook
FNDA:6,pause
FNDA:2,unpause
FNDA:4,stop
FNDA:2,start
FNDA:126,_beforeTokenTransfer
FNDA:124,_afterTokenTransfer
FNDA:96,_mint
FNDA:0,_burn
FNDA:4,transfer
DA:29,96
DA:30,96
DA:31,96
DA:32,96
DA:33,96
DA:47,0
DA:48,0
DA:49,0
DA:50,0
DA:51,0
DA:52,0
DA:53,0
DA:54,0
DA:55,0
DA:56,0
DA:63,6
DA:70,2
DA:77,4
DA:84,2
DA:95,126
DA:108,124
DA:118,96
DA:128,0
DA:141,4
DA:145,3
LF:25
LH:14
BRDA:141,1,0,3
BRDA:141,1,1,1
BRF:2
BRH:2
end_of_record
TN:
SF:/home/kostysh/dev/lif2/packages/token/contracts/Lif2Test.sol
FN:18,_afterClaimableInitHook
FNF:1
FNH:1
FNDA:96,_afterClaimableInitHook
DA:20,96
DA:21,96
DA:22,96
LF:3
LH:3
BRF:0
BRH:0
end_of_record
TN:
SF:/home/kostysh/dev/lif2/packages/token/contracts/Lif2UpgradeabilityTest.sol
FN:8,newFunction
FNF:1
FNH:1
FNDA:2,newFunction
DA:9,2
LF:1
LH:1
BRF:0
BRH:0
end_of_record
TN:
SF:/home/kostysh/dev/lif2/packages/token/contracts/OldLifTest.sol
FN:7,constructor
FN:11,mint
FNF:2
FNH:2
FNDA:36,constructor
FNDA:48,mint
DA:8,36
DA:12,48
LF:2
LH:2
BRF:0
BRH:0
end_of_record
